Started GET "/" for ::1 at 2024-02-26 14:13:38 +0530
  [1m[35m (0.3ms)[0m  [1m[35mCREATE TABLE "schema_migrations" ("version" varchar NOT NULL PRIMARY KEY)[0m
  [1m[35m (0.1ms)[0m  [1m[35mCREATE TABLE "ar_internal_metadata" ("key" varchar NOT NULL PRIMARY KEY, "value" varchar, "created_at" datetime(6) NOT NULL, "updated_at" datetime(6) NOT NULL)[0m
  [1m[36mActiveRecord::SchemaMigration Load (0.0ms)[0m  [1m[34mSELECT "schema_migrations"."version" FROM "schema_migrations" ORDER BY "schema_migrations"."version" ASC[0m
Processing by Rails::WelcomeController#index as HTML
  Rendering /Users/jayasuryaj/.rvm/gems/ruby-3.3.0/gems/railties-7.1.3.2/lib/rails/templates/rails/welcome/index.html.erb
  Rendered /Users/jayasuryaj/.rvm/gems/ruby-3.3.0/gems/railties-7.1.3.2/lib/rails/templates/rails/welcome/index.html.erb (Duration: 0.3ms | Allocations: 374)
Completed 200 OK in 13ms (Views: 3.4ms | ActiveRecord: 0.0ms | Allocations: 7760)


Started GET "/" for ::1 at 2024-02-26 14:25:05 +0530
  [1m[36mActiveRecord::SchemaMigration Load (0.1ms)[0m  [1m[34mSELECT "schema_migrations"."version" FROM "schema_migrations" ORDER BY "schema_migrations"."version" ASC[0m
  
ActionController::RoutingError (uninitialized constant AppController):
  
Started GET "/" for ::1 at 2024-02-26 14:25:25 +0530
  
ActionController::RoutingError (uninitialized constant AppController):
  
Started GET "/" for ::1 at 2024-02-26 14:33:50 +0530
  [1m[36mActiveRecord::SchemaMigration Load (0.2ms)[0m  [1m[34mSELECT "schema_migrations"."version" FROM "schema_migrations" ORDER BY "schema_migrations"."version" ASC[0m
Processing by HelloController#index as HTML
  Rendering layout layouts/application.html.erb
  Rendering hello/index.html.erb within layouts/application
  Rendered hello/index.html.erb within layouts/application (Duration: 0.1ms | Allocations: 185)
  Rendered layout layouts/application.html.erb (Duration: 2309.3ms | Allocations: 96211)
Completed 200 OK in 2315ms (Views: 2310.9ms | ActiveRecord: 0.0ms | Allocations: 100335)


Started GET "/" for ::1 at 2024-02-26 14:43:47 +0530
  [1m[36mActiveRecord::SchemaMigration Load (0.1ms)[0m  [1m[34mSELECT "schema_migrations"."version" FROM "schema_migrations" ORDER BY "schema_migrations"."version" ASC[0m
Processing by HelloController#index as HTML
  Rendering layout layouts/application.html.erb
  Rendering hello/index.html.erb within layouts/application
  Rendered hello/index.html.erb within layouts/application (Duration: 0.2ms | Allocations: 185)
  Rendered layout layouts/application.html.erb (Duration: 27.6ms | Allocations: 37753)
Completed 200 OK in 36ms (Views: 29.8ms | ActiveRecord: 0.0ms | Allocations: 41943)


Started GET "/" for ::1 at 2024-02-26 14:43:48 +0530
Processing by HelloController#index as HTML
  Rendering layout layouts/application.html.erb
  Rendering hello/index.html.erb within layouts/application
  Rendered hello/index.html.erb within layouts/application (Duration: 0.0ms | Allocations: 7)
  Rendered layout layouts/application.html.erb (Duration: 1.7ms | Allocations: 1269)
Completed 200 OK in 2ms (Views: 2.1ms | ActiveRecord: 0.0ms | Allocations: 1522)


Started GET "/" for ::1 at 2024-02-26 14:43:48 +0530
Processing by HelloController#index as HTML
  Rendering layout layouts/application.html.erb
  Rendering hello/index.html.erb within layouts/application
  Rendered hello/index.html.erb within layouts/application (Duration: 0.1ms | Allocations: 7)
  Rendered layout layouts/application.html.erb (Duration: 4.1ms | Allocations: 1255)
Completed 200 OK in 6ms (Views: 4.8ms | ActiveRecord: 0.0ms | Allocations: 1505)


